<?xml version="1.0" encoding="UTF-8"?>
<!-- Generated by org.testng.reporters.JUnitXMLReporter -->
<testsuite hostname="Apple-PC" failures="2" tests="2" name="Error Validations Test" time="23.436" errors="0" timestamp="16 Jul 2024 16:13:59 GMT">
  <testcase classname="qatarairways.seleniumFramework.ErrorValidations" name="loginErrorValidation" time="0.621">
    <failure type="java.lang.AssertionError" message="expected [Incorrect email or password.] but found [Incorrect email orrr@ password.]">
      <![CDATA[java.lang.AssertionError: expected [Incorrect email or password.] but found [Incorrect email orrr@ password.]
	at qatarairways.seleniumFramework.ErrorValidations.loginErrorValidation(ErrorValidations.java:31)
	at java.base/java.util.concurrent.FutureTask.run(FutureTask.java:264)
	at java.base/java.util.concurrent.ThreadPoolExecutor.runWorker(ThreadPoolExecutor.java:1136)
	at java.base/java.util.concurrent.ThreadPoolExecutor$Worker.run(ThreadPoolExecutor.java:635)
	at java.base/java.lang.Thread.run(Thread.java:833)
... Removed 21 stack frames]]>
    </failure>
  </testcase> <!-- loginErrorValidation -->
  <testcase classname="qatarairways.seleniumFramework.ErrorValidations" name="loginErrorValidation" time="0.536">
    <failure type="java.lang.AssertionError" message="expected [Incorrect email or password.] but found [Incorrect email orrr@ password.]">
      <![CDATA[java.lang.AssertionError: expected [Incorrect email or password.] but found [Incorrect email orrr@ password.]
	at qatarairways.seleniumFramework.ErrorValidations.loginErrorValidation(ErrorValidations.java:31)
	at java.base/java.util.concurrent.FutureTask.run(FutureTask.java:264)
	at java.base/java.util.concurrent.ThreadPoolExecutor.runWorker(ThreadPoolExecutor.java:1136)
	at java.base/java.util.concurrent.ThreadPoolExecutor$Worker.run(ThreadPoolExecutor.java:635)
	at java.base/java.lang.Thread.run(Thread.java:833)
... Removed 21 stack frames]]>
    </failure>
  </testcase> <!-- loginErrorValidation -->
</testsuite> <!-- Error Validations Test -->
